2022-09-20 16:48:25,975 DEBUG [main] cache:45 - Couldn't find template in cache for "Extent.ftl"("en_GB", UTF-8, parsed); will try to load it.
2022-09-20 16:48:25,980 DEBUG [main] cache:45 - TemplateLoader.findTemplateSource("Extent_en_GB.ftl"): Not found
2022-09-20 16:48:25,982 DEBUG [main] cache:45 - TemplateLoader.findTemplateSource("Extent_en.ftl"): Not found
2022-09-20 16:48:25,983 DEBUG [main] cache:45 - TemplateLoader.findTemplateSource("Extent.ftl"): Found
2022-09-20 16:48:25,984 DEBUG [main] cache:45 - Loading template for "Extent.ftl"("en_GB", UTF-8, parsed) from "jar:file:/C:/Users/londo/.m2/repository/com/relevantcodes/extentreports/2.41.2/extentreports-2.41.2.jar!/com/relevantcodes/extentreports/view/Extent.ftl"
2022-09-20 16:48:26,282 DEBUG [main] cache:45 - Couldn't find template in cache for "Extent.ftl"("en_GB", UTF-8, parsed); will try to load it.
2022-09-20 16:48:26,284 DEBUG [main] cache:45 - TemplateLoader.findTemplateSource("Extent_en_GB.ftl"): Not found
2022-09-20 16:48:26,285 DEBUG [main] cache:45 - TemplateLoader.findTemplateSource("Extent_en.ftl"): Not found
2022-09-20 16:48:26,286 DEBUG [main] cache:45 - TemplateLoader.findTemplateSource("Extent.ftl"): Found
2022-09-20 16:48:26,287 DEBUG [main] cache:45 - Loading template for "Extent.ftl"("en_GB", UTF-8, parsed) from "jar:file:/C:/Users/londo/.m2/repository/com/relevantcodes/extentreports/2.41.2/extentreports-2.41.2.jar!/com/relevantcodes/extentreports/view/Extent.ftl"
2022-09-20 17:41:58,604 DEBUG [main] cache:45 - Couldn't find template in cache for "Extent.ftl"("en_GB", UTF-8, parsed); will try to load it.
2022-09-20 17:41:58,606 DEBUG [main] cache:45 - TemplateLoader.findTemplateSource("Extent_en_GB.ftl"): Not found
2022-09-20 17:41:58,608 DEBUG [main] cache:45 - TemplateLoader.findTemplateSource("Extent_en.ftl"): Not found
2022-09-20 17:41:58,609 DEBUG [main] cache:45 - TemplateLoader.findTemplateSource("Extent.ftl"): Found
2022-09-20 17:41:58,610 DEBUG [main] cache:45 - Loading template for "Extent.ftl"("en_GB", UTF-8, parsed) from "jar:file:/C:/Users/londo/.m2/repository/com/relevantcodes/extentreports/2.41.2/extentreports-2.41.2.jar!/com/relevantcodes/extentreports/view/Extent.ftl"
2022-09-20 17:41:58,780 DEBUG [main] cache:45 - Couldn't find template in cache for "Extent.ftl"("en_GB", UTF-8, parsed); will try to load it.
2022-09-20 17:41:58,781 DEBUG [main] cache:45 - TemplateLoader.findTemplateSource("Extent_en_GB.ftl"): Not found
2022-09-20 17:41:58,781 DEBUG [main] cache:45 - TemplateLoader.findTemplateSource("Extent_en.ftl"): Not found
2022-09-20 17:41:58,782 DEBUG [main] cache:45 - TemplateLoader.findTemplateSource("Extent.ftl"): Found
2022-09-20 17:41:58,782 DEBUG [main] cache:45 - Loading template for "Extent.ftl"("en_GB", UTF-8, parsed) from "jar:file:/C:/Users/londo/.m2/repository/com/relevantcodes/extentreports/2.41.2/extentreports-2.41.2.jar!/com/relevantcodes/extentreports/view/Extent.ftl"
2022-09-20 17:52:09,472 DEBUG [main] cache:45 - Couldn't find template in cache for "Extent.ftl"("en_GB", UTF-8, parsed); will try to load it.
2022-09-20 17:52:09,476 DEBUG [main] cache:45 - TemplateLoader.findTemplateSource("Extent_en_GB.ftl"): Not found
2022-09-20 17:52:09,479 DEBUG [main] cache:45 - TemplateLoader.findTemplateSource("Extent_en.ftl"): Not found
2022-09-20 17:52:09,481 DEBUG [main] cache:45 - TemplateLoader.findTemplateSource("Extent.ftl"): Found
2022-09-20 17:52:09,481 DEBUG [main] cache:45 - Loading template for "Extent.ftl"("en_GB", UTF-8, parsed) from "jar:file:/C:/Users/londo/.m2/repository/com/relevantcodes/extentreports/2.41.2/extentreports-2.41.2.jar!/com/relevantcodes/extentreports/view/Extent.ftl"
2022-09-20 17:52:09,757 DEBUG [main] cache:45 - Couldn't find template in cache for "Extent.ftl"("en_GB", UTF-8, parsed); will try to load it.
2022-09-20 17:52:09,758 DEBUG [main] cache:45 - TemplateLoader.findTemplateSource("Extent_en_GB.ftl"): Not found
2022-09-20 17:52:09,759 DEBUG [main] cache:45 - TemplateLoader.findTemplateSource("Extent_en.ftl"): Not found
2022-09-20 17:52:09,759 DEBUG [main] cache:45 - TemplateLoader.findTemplateSource("Extent.ftl"): Found
2022-09-20 17:52:09,760 DEBUG [main] cache:45 - Loading template for "Extent.ftl"("en_GB", UTF-8, parsed) from "jar:file:/C:/Users/londo/.m2/repository/com/relevantcodes/extentreports/2.41.2/extentreports-2.41.2.jar!/com/relevantcodes/extentreports/view/Extent.ftl"
2022-09-20 17:54:00,967 DEBUG [main] cache:45 - Couldn't find template in cache for "Extent.ftl"("en_GB", UTF-8, parsed); will try to load it.
2022-09-20 17:54:00,972 DEBUG [main] cache:45 - TemplateLoader.findTemplateSource("Extent_en_GB.ftl"): Not found
2022-09-20 17:54:00,974 DEBUG [main] cache:45 - TemplateLoader.findTemplateSource("Extent_en.ftl"): Not found
2022-09-20 17:54:00,975 DEBUG [main] cache:45 - TemplateLoader.findTemplateSource("Extent.ftl"): Found
2022-09-20 17:54:00,976 DEBUG [main] cache:45 - Loading template for "Extent.ftl"("en_GB", UTF-8, parsed) from "jar:file:/C:/Users/londo/.m2/repository/com/relevantcodes/extentreports/2.41.2/extentreports-2.41.2.jar!/com/relevantcodes/extentreports/view/Extent.ftl"
2022-09-20 17:54:01,190 DEBUG [main] cache:45 - Couldn't find template in cache for "Extent.ftl"("en_GB", UTF-8, parsed); will try to load it.
2022-09-20 17:54:01,191 DEBUG [main] cache:45 - TemplateLoader.findTemplateSource("Extent_en_GB.ftl"): Not found
2022-09-20 17:54:01,192 DEBUG [main] cache:45 - TemplateLoader.findTemplateSource("Extent_en.ftl"): Not found
2022-09-20 17:54:01,192 DEBUG [main] cache:45 - TemplateLoader.findTemplateSource("Extent.ftl"): Found
2022-09-20 17:54:01,192 DEBUG [main] cache:45 - Loading template for "Extent.ftl"("en_GB", UTF-8, parsed) from "jar:file:/C:/Users/londo/.m2/repository/com/relevantcodes/extentreports/2.41.2/extentreports-2.41.2.jar!/com/relevantcodes/extentreports/view/Extent.ftl"
2022-09-20 17:55:54,706 DEBUG [main] cache:45 - Couldn't find template in cache for "Extent.ftl"("en_GB", UTF-8, parsed); will try to load it.
2022-09-20 17:55:54,710 DEBUG [main] cache:45 - TemplateLoader.findTemplateSource("Extent_en_GB.ftl"): Not found
2022-09-20 17:55:54,712 DEBUG [main] cache:45 - TemplateLoader.findTemplateSource("Extent_en.ftl"): Not found
2022-09-20 17:55:54,713 DEBUG [main] cache:45 - TemplateLoader.findTemplateSource("Extent.ftl"): Found
2022-09-20 17:55:54,713 DEBUG [main] cache:45 - Loading template for "Extent.ftl"("en_GB", UTF-8, parsed) from "jar:file:/C:/Users/londo/.m2/repository/com/relevantcodes/extentreports/2.41.2/extentreports-2.41.2.jar!/com/relevantcodes/extentreports/view/Extent.ftl"
2022-09-20 17:55:54,969 DEBUG [main] cache:45 - Couldn't find template in cache for "Extent.ftl"("en_GB", UTF-8, parsed); will try to load it.
2022-09-20 17:55:54,969 DEBUG [main] cache:45 - TemplateLoader.findTemplateSource("Extent_en_GB.ftl"): Not found
2022-09-20 17:55:54,970 DEBUG [main] cache:45 - TemplateLoader.findTemplateSource("Extent_en.ftl"): Not found
2022-09-20 17:55:54,971 DEBUG [main] cache:45 - TemplateLoader.findTemplateSource("Extent.ftl"): Found
2022-09-20 17:55:54,971 DEBUG [main] cache:45 - Loading template for "Extent.ftl"("en_GB", UTF-8, parsed) from "jar:file:/C:/Users/londo/.m2/repository/com/relevantcodes/extentreports/2.41.2/extentreports-2.41.2.jar!/com/relevantcodes/extentreports/view/Extent.ftl"
2022-09-20 17:56:12,117 DEBUG [main] cache:45 - Couldn't find template in cache for "Extent.ftl"("en_GB", UTF-8, parsed); will try to load it.
2022-09-20 17:56:12,121 DEBUG [main] cache:45 - TemplateLoader.findTemplateSource("Extent_en_GB.ftl"): Not found
2022-09-20 17:56:12,122 DEBUG [main] cache:45 - TemplateLoader.findTemplateSource("Extent_en.ftl"): Not found
2022-09-20 17:56:12,124 DEBUG [main] cache:45 - TemplateLoader.findTemplateSource("Extent.ftl"): Found
2022-09-20 17:56:12,124 DEBUG [main] cache:45 - Loading template for "Extent.ftl"("en_GB", UTF-8, parsed) from "jar:file:/C:/Users/londo/.m2/repository/com/relevantcodes/extentreports/2.41.2/extentreports-2.41.2.jar!/com/relevantcodes/extentreports/view/Extent.ftl"
2022-09-20 17:56:12,361 DEBUG [main] cache:45 - Couldn't find template in cache for "Extent.ftl"("en_GB", UTF-8, parsed); will try to load it.
2022-09-20 17:56:12,361 DEBUG [main] cache:45 - TemplateLoader.findTemplateSource("Extent_en_GB.ftl"): Not found
2022-09-20 17:56:12,362 DEBUG [main] cache:45 - TemplateLoader.findTemplateSource("Extent_en.ftl"): Not found
2022-09-20 17:56:12,362 DEBUG [main] cache:45 - TemplateLoader.findTemplateSource("Extent.ftl"): Found
2022-09-20 17:56:12,363 DEBUG [main] cache:45 - Loading template for "Extent.ftl"("en_GB", UTF-8, parsed) from "jar:file:/C:/Users/londo/.m2/repository/com/relevantcodes/extentreports/2.41.2/extentreports-2.41.2.jar!/com/relevantcodes/extentreports/view/Extent.ftl"
