
2022-09-20 18:22:26,015 INFO  [Log] *********************Selenium_TC1 ********************* 
2022-09-20 18:22:26,094 INFO  [Log] *********************Selenium_TC1 ********************* 
2022-09-20 18:22:28,275 INFO  [Log] *********************Selenium_TC1 ********************* 
2022-09-20 18:22:33,790 INFO  [Log] *********************Selenium_TC1 ********************* 
2022-09-20 18:22:33,812 INFO  [Log] Testing Login Page Test 
2022-09-20 18:22:33,880 INFO  [Log] Entered Username 
2022-09-20 18:22:33,957 INFO  [Log] Entered Password 
2022-09-20 18:22:34,052 INFO  [Log] Clicked Login 
2022-09-20 18:22:34,061 INFO  [Log] *********************Selenium_TC1 ********************* 
2022-09-20 18:22:37,834 INFO  [Log] *********************Selenium_TC1 ********************* 
2022-09-20 18:22:43,095 INFO  [Log] *********************Selenium_TC1 ********************* 
2022-09-20 18:22:43,095 INFO  [Log] Testing Login Page Test 
2022-09-20 18:22:43,149 INFO  [Log] Entered Username 
2022-09-20 18:22:43,228 INFO  [Log] Entered Password 
2022-09-20 18:22:43,314 INFO  [Log] Clicked Login 
2022-09-20 18:22:43,323 INFO  [Log] *********************Selenium_TC1 ********************* 
2022-09-20 18:22:47,696 INFO  [Log] *********************Selenium_TC1 ********************* 
2022-09-20 18:22:49,019 INFO  [Log] *********************Selenium_TC1 ********************* 
2022-09-20 18:22:54,222 INFO  [Log] *********************Selenium_TC1 ********************* 
2022-09-20 22:59:04,159 INFO  [Log] *********************Selenium_TC1 ********************* 
2022-09-20 22:59:06,419 INFO  [Log] *********************Selenium_TC1 ********************* 
2022-09-20 22:59:11,877 INFO  [Log] *********************Selenium_TC1 ********************* 
2022-09-20 22:59:11,896 INFO  [Log] Testing Login Page Test 
2022-09-20 22:59:11,984 INFO  [Log] Entered Username 
2022-09-20 22:59:12,050 INFO  [Log] Entered Password 
2022-09-20 22:59:12,139 INFO  [Log] Clicked Login 
2022-09-20 22:59:12,151 INFO  [Log] *********************Selenium_TC1 ********************* 
2022-09-20 22:59:19,042 INFO  [Log] *********************Selenium_TC1 ********************* 
2022-09-20 22:59:23,607 INFO  [Log] *********************Selenium_TC1 ********************* 
2022-09-20 22:59:23,608 INFO  [Log] Testing Login Page Test 
2022-09-20 22:59:23,662 INFO  [Log] Entered Username 
2022-09-20 22:59:23,737 INFO  [Log] Entered Password 
2022-09-20 22:59:23,814 INFO  [Log] Clicked Login 
2022-09-20 22:59:23,824 INFO  [Log] *********************Selenium_TC1 ********************* 
2022-09-20 23:01:00,400 INFO  [Log] *********************Selenium_TC1 ********************* 
2022-09-20 23:01:02,459 INFO  [Log] *********************Selenium_TC1 ********************* 
2022-09-20 23:01:08,063 INFO  [Log] *********************Selenium_TC1 ********************* 
2022-09-20 23:01:08,084 INFO  [Log] Testing Login Page Test 
2022-09-20 23:01:08,147 INFO  [Log] Entered Username 
2022-09-20 23:01:08,215 INFO  [Log] Entered Password 
2022-09-20 23:01:08,298 INFO  [Log] Clicked Login 
2022-09-20 23:01:08,312 INFO  [Log] *********************Selenium_TC1 ********************* 
2022-09-20 23:08:42,882 INFO  [Log] *********************Selenium_Test Cases ********************* 
2022-09-20 23:08:44,432 INFO  [Log] *********************Selenium_Test Cases ********************* 
2022-09-20 23:08:49,828 INFO  [Log] *********************Selenium_Test Cases ********************* 
2022-09-20 23:08:49,851 INFO  [Log] Testing Login Page Test 
2022-09-20 23:08:49,918 INFO  [Log] Entered Username 
2022-09-20 23:08:49,988 INFO  [Log] Entered Password 
2022-09-20 23:08:50,077 INFO  [Log] Clicked Login 
2022-09-20 23:08:50,089 INFO  [Log] *********************Selenium_Test Cases ********************* 
2022-09-20 23:09:30,441 INFO  [Log] *********************Selenium_Test Cases ********************* 
2022-09-20 23:09:30,520 INFO  [Log] *********************Selenium_Test Cases ********************* 
2022-09-20 23:09:31,898 INFO  [Log] *********************Selenium_Test Cases ********************* 
2022-09-20 23:09:37,103 INFO  [Log] *********************Selenium_Test Cases ********************* 
2022-09-20 23:09:37,124 INFO  [Log] Testing Login Page Test 
2022-09-20 23:09:37,196 INFO  [Log] Entered Username 
2022-09-20 23:09:37,268 INFO  [Log] Entered Password 
2022-09-20 23:09:37,351 INFO  [Log] Clicked Login 
2022-09-20 23:09:37,362 INFO  [Log] *********************Selenium_Test Cases ********************* 
2022-09-20 23:09:40,966 INFO  [Log] *********************Selenium_Test Cases ********************* 
2022-09-20 23:09:47,000 INFO  [Log] *********************Selenium_Test Cases ********************* 
2022-09-20 23:09:47,001 INFO  [Log] Testing Login Page Test 
2022-09-20 23:09:47,053 INFO  [Log] Entered Username 
2022-09-20 23:09:47,132 INFO  [Log] Entered Password 
2022-09-20 23:09:47,218 INFO  [Log] Clicked Login 
2022-09-20 23:09:47,227 INFO  [Log] *********************Selenium_Test Cases ********************* 
2022-09-20 23:10:56,438 INFO  [Log] *********************Selenium_Test Cases ********************* 
2022-09-20 23:10:57,822 INFO  [Log] *********************Selenium_Test Cases ********************* 
2022-09-20 23:11:02,812 INFO  [Log] *********************Selenium_Test Cases ********************* 
2022-09-20 23:11:02,835 INFO  [Log] Testing Login Page Test 
2022-09-20 23:11:02,904 INFO  [Log] Entered Username 
2022-09-20 23:11:02,971 INFO  [Log] Entered Password 
2022-09-20 23:11:03,052 INFO  [Log] Clicked Login 
2022-09-20 23:11:03,067 INFO  [Log] *********************Selenium_Test Cases ********************* 
2022-09-20 23:12:02,657 INFO  [Log] *********************Selenium_Test Cases ********************* 
2022-09-20 23:12:04,011 INFO  [Log] *********************Selenium_Test Cases ********************* 
2022-09-20 23:12:10,074 INFO  [Log] *********************Selenium_Test Cases ********************* 
2022-09-20 23:13:54,718 INFO  [Log] *********************Selenium_Test Cases ********************* 
2022-09-20 23:13:56,068 INFO  [Log] *********************Selenium_Test Cases ********************* 
2022-09-20 23:14:02,013 INFO  [Log] *********************Selenium_Test Cases ********************* 
2022-09-20 23:14:02,037 INFO  [Log] Testing Login Page Test 
2022-09-20 23:14:02,105 INFO  [Log] Entered Username 
2022-09-20 23:14:02,179 INFO  [Log] Entered Password 
2022-09-20 23:14:02,267 INFO  [Log] Clicked Login 
2022-09-20 23:14:02,278 INFO  [Log] *********************Selenium_Test Cases ********************* 
2022-09-20 23:15:26,580 INFO  [Log] *********************Selenium_Test Cases ********************* 
2022-09-20 23:15:28,447 INFO  [Log] *********************Selenium_Test Cases ********************* 
2022-09-20 23:15:33,188 INFO  [Log] *********************Selenium_Test Cases ********************* 
2022-09-20 23:15:33,211 INFO  [Log] Testing Login Page Test 
2022-09-20 23:15:33,280 INFO  [Log] Entered Username 
2022-09-20 23:15:33,347 INFO  [Log] Entered Password 
2022-09-20 23:15:33,437 INFO  [Log] Clicked Login 
2022-09-20 23:15:33,451 INFO  [Log] *********************Selenium_Test Cases ********************* 
2022-09-20 23:16:17,530 INFO  [Log] *********************Selenium_Test Cases ********************* 
2022-09-20 23:16:18,998 INFO  [Log] *********************Selenium_Test Cases ********************* 
2022-09-20 23:16:24,406 INFO  [Log] *********************Selenium_Test Cases ********************* 
2022-09-20 23:16:24,431 INFO  [Log] Testing Login Page Test 
2022-09-20 23:16:24,502 INFO  [Log] Entered Username 
2022-09-20 23:16:24,579 INFO  [Log] Entered Password 
2022-09-20 23:16:24,664 INFO  [Log] Clicked Login 
2022-09-20 23:16:24,676 INFO  [Log] *********************Selenium_Test Cases ********************* 
2022-09-20 23:16:25,792 INFO  [Log] *********************Selenium_Test Cases ********************* 
2022-09-20 23:16:30,579 INFO  [Log] *********************Selenium_Test Cases ********************* 
2022-09-20 23:16:30,580 INFO  [Log] Testing Login Page Test 
2022-09-20 23:16:30,632 INFO  [Log] Entered Username 
2022-09-20 23:16:30,704 INFO  [Log] Entered Password 
2022-09-20 23:16:30,789 INFO  [Log] Clicked Login 
2022-09-20 23:16:30,798 INFO  [Log] *********************Selenium_Test Cases ********************* 
2022-09-20 23:16:56,647 INFO  [Log] *********************Selenium_Test Cases ********************* 
2022-09-20 23:16:59,003 INFO  [Log] *********************Selenium_Test Cases ********************* 
2022-09-20 23:17:05,013 INFO  [Log] *********************Selenium_Test Cases ********************* 
2022-09-20 23:17:05,034 INFO  [Log] Testing Login Page Test 
2022-09-20 23:17:05,098 INFO  [Log] Entered Username 
2022-09-20 23:17:05,171 INFO  [Log] Entered Password 
2022-09-20 23:17:05,260 INFO  [Log] Clicked Login 
2022-09-20 23:17:05,271 INFO  [Log] *********************Selenium_Test Cases ********************* 
2022-09-20 23:17:06,123 INFO  [Log] *********************Selenium_Test Cases ********************* 
2022-09-20 23:17:11,632 INFO  [Log] *********************Selenium_Test Cases ********************* 
2022-09-20 23:17:11,632 INFO  [Log] Testing Login Page Test 
2022-09-20 23:17:11,699 INFO  [Log] Entered Username 
2022-09-20 23:17:11,798 INFO  [Log] Entered Password 
2022-09-20 23:17:11,944 INFO  [Log] Clicked Login 
2022-09-20 23:17:11,957 INFO  [Log] *********************Selenium_Test Cases ********************* 
2022-09-20 23:18:00,261 INFO  [Log] *********************Selenium_Test Cases ********************* 
2022-09-20 23:18:01,948 INFO  [Log] *********************Selenium_Test Cases ********************* 
2022-09-20 23:18:07,902 INFO  [Log] *********************Selenium_Test Cases ********************* 
2022-09-20 23:18:07,922 INFO  [Log] Testing Login Page Test 
2022-09-20 23:18:07,989 INFO  [Log] Entered Username 
2022-09-20 23:18:08,063 INFO  [Log] Entered Password 
2022-09-20 23:18:08,146 INFO  [Log] Clicked Login 
2022-09-20 23:18:08,158 INFO  [Log] *********************Selenium_Test Cases ********************* 
2022-09-20 23:18:08,167 INFO  [Log] *********************Selenium_Test Cases ********************* 
2022-09-20 23:32:53,140 INFO  [Log] *********************Selenium_Test Cases ********************* 
2022-09-20 23:32:54,545 INFO  [Log] *********************Selenium_Test Cases ********************* 
2022-09-20 23:32:59,968 INFO  [Log] *********************Selenium_Test Cases ********************* 
2022-09-20 23:32:59,994 INFO  [Log] Testing Login Page Test 
2022-09-20 23:33:00,060 INFO  [Log] Entered Username 
2022-09-20 23:33:00,135 INFO  [Log] Entered Password 
2022-09-20 23:33:00,210 INFO  [Log] Clicked Login 
2022-09-20 23:33:00,222 INFO  [Log] *********************Selenium_Test Cases ********************* 
2022-09-20 23:33:00,234 INFO  [Log] *********************Selenium_Test Cases ********************* 
2022-09-20 23:39:36,119 INFO  [Log] *********************Selenium_Test Cases ********************* 
2022-09-20 23:39:37,534 INFO  [Log] *********************Selenium_Test Cases ********************* 
2022-09-20 23:39:42,750 INFO  [Log] *********************Selenium_Test Cases ********************* 
2022-09-20 23:39:42,775 INFO  [Log] Testing Login Page Test 
2022-09-20 23:39:42,838 INFO  [Log] Entered Username 
2022-09-20 23:39:42,915 INFO  [Log] Entered Password 
2022-09-20 23:39:42,997 INFO  [Log] Clicked Login 
2022-09-20 23:39:43,009 INFO  [Log] *********************Selenium_Test Cases ********************* 
2022-09-20 23:39:43,017 INFO  [Log] *********************Selenium_Test Cases ********************* 
2022-09-21 00:02:35,843 INFO  [Log] *********************Selenium_Test Cases ********************* 
2022-09-21 00:02:37,265 INFO  [Log] *********************Selenium_Test Cases ********************* 
2022-09-21 00:02:43,158 INFO  [Log] *********************Selenium_Test Cases ********************* 
2022-09-21 00:02:43,183 INFO  [Log] Testing Login Page Test 
2022-09-21 00:02:43,244 INFO  [Log] Entered Username 
2022-09-21 00:02:43,317 INFO  [Log] Entered Password 
2022-09-21 00:02:43,401 INFO  [Log] Clicked Login 
2022-09-21 00:02:43,414 INFO  [Log] *********************Selenium_Test Cases ********************* 
2022-09-21 00:02:43,425 INFO  [Log] *********************Selenium_Test Cases ********************* 
2022-09-21 00:03:06,330 INFO  [Log] *********************Selenium_Test Cases ********************* 
2022-09-21 00:03:08,275 INFO  [Log] *********************Selenium_Test Cases ********************* 
2022-09-21 00:03:13,408 INFO  [Log] *********************Selenium_Test Cases ********************* 
2022-09-21 00:03:13,433 INFO  [Log] Testing Login Page Test 
2022-09-21 00:03:13,497 INFO  [Log] Entered Username 
2022-09-21 00:03:13,572 INFO  [Log] Entered Password 
2022-09-21 00:03:13,658 INFO  [Log] Clicked Login 
2022-09-21 00:03:13,671 INFO  [Log] *********************Selenium_Test Cases ********************* 
2022-09-21 00:03:13,683 INFO  [Log] *********************Selenium_Test Cases ********************* 
2022-09-21 00:12:27,243 INFO  [Log] *********************Selenium_Test Cases ********************* 
2022-09-21 00:12:28,711 INFO  [Log] *********************Selenium_Test Cases ********************* 
2022-09-21 00:12:34,986 INFO  [Log] *********************Selenium_Test Cases ********************* 
2022-09-21 00:12:35,010 INFO  [Log] Testing Login Page Test 
2022-09-21 00:12:35,078 INFO  [Log] Entered Username 
2022-09-21 00:12:35,148 INFO  [Log] Entered Password 
2022-09-21 00:12:35,251 INFO  [Log] Clicked Login 
2022-09-21 00:12:35,263 INFO  [Log] *********************Selenium_Test Cases ********************* 
2022-09-21 00:12:35,271 INFO  [Log] *********************Selenium_Test Cases ********************* 
2022-09-21 00:26:09,015 INFO  [Log] *********************Selenium_Test Cases ********************* 
2022-09-21 00:26:10,515 INFO  [Log] *********************Selenium_Test Cases ********************* 
2022-09-21 00:26:15,491 INFO  [Log] *********************Selenium_Test Cases ********************* 
2022-09-21 00:26:15,513 INFO  [Log] Testing Login Page Test 
2022-09-21 00:26:15,578 INFO  [Log] Entered Username 
2022-09-21 00:26:15,655 INFO  [Log] Entered Password 
2022-09-21 00:26:15,741 INFO  [Log] Clicked Login 
2022-09-21 00:26:15,757 INFO  [Log] *********************Selenium_Test Cases ********************* 
2022-09-21 00:26:15,766 INFO  [Log] *********************Selenium_Test Cases ********************* 
2022-09-21 00:41:55,918 INFO  [Log] *********************Selenium_Test Cases ********************* 
2022-09-21 00:41:57,343 INFO  [Log] *********************Selenium_Test Cases ********************* 
2022-09-21 00:42:02,974 INFO  [Log] *********************Selenium_Test Cases ********************* 
2022-09-21 00:42:02,993 INFO  [Log] Testing Login Page Test 
2022-09-21 00:42:03,056 INFO  [Log] Entered Username 
2022-09-21 00:42:03,133 INFO  [Log] Entered Password 
2022-09-21 00:42:03,231 INFO  [Log] Clicked Login 
2022-09-21 00:42:03,243 INFO  [Log] *********************Selenium_Test Cases ********************* 
2022-09-21 00:42:03,253 INFO  [Log] *********************Selenium_Test Cases ********************* 
2022-09-21 00:55:52,141 INFO  [Log] *********************Selenium_Test Cases ********************* 
2022-09-21 00:55:53,563 INFO  [Log] *********************Selenium_Test Cases ********************* 
2022-09-21 00:55:59,095 INFO  [Log] *********************Selenium_Test Cases ********************* 
2022-09-21 00:55:59,119 INFO  [Log] Testing Login Page Test 
2022-09-21 00:55:59,187 INFO  [Log] Entered Username 
2022-09-21 00:55:59,264 INFO  [Log] Entered Password 
2022-09-21 00:55:59,346 INFO  [Log] Clicked Login 
2022-09-21 00:55:59,359 INFO  [Log] *********************Selenium_Test Cases ********************* 
2022-09-21 00:55:59,368 INFO  [Log] *********************Selenium_Test Cases ********************* 
2022-09-21 00:56:20,829 INFO  [Log] *********************Selenium_Test Cases ********************* 
2022-09-21 00:56:22,199 INFO  [Log] *********************Selenium_Test Cases ********************* 
2022-09-21 00:56:27,405 INFO  [Log] *********************Selenium_Test Cases ********************* 
2022-09-21 00:57:02,726 INFO  [Log] *********************Selenium_Test Cases ********************* 
2022-09-21 00:58:17,384 INFO  [Log] *********************Selenium_Test Cases ********************* 
2022-09-21 00:58:18,869 INFO  [Log] *********************Selenium_Test Cases ********************* 
2022-09-21 00:58:23,417 INFO  [Log] *********************Selenium_Test Cases ********************* 
2022-09-21 00:59:03,775 INFO  [Log] *********************Selenium_Test Cases ********************* 
2022-09-21 00:59:05,284 INFO  [Log] *********************Selenium_Test Cases ********************* 
2022-09-21 00:59:09,808 INFO  [Log] *********************Selenium_Test Cases ********************* 
2022-09-21 01:00:53,010 INFO  [Log] *********************Selenium_Test Cases ********************* 
2022-09-21 01:00:54,572 INFO  [Log] *********************Selenium_Test Cases ********************* 
2022-09-21 01:00:59,908 INFO  [Log] *********************Selenium_Test Cases ********************* 
2022-09-21 01:03:40,829 INFO  [Log] *********************Selenium_Test Cases ********************* 
2022-09-21 01:03:42,226 INFO  [Log] *********************Selenium_Test Cases ********************* 
2022-09-21 01:03:47,505 INFO  [Log] *********************Selenium_Test Cases ********************* 
2022-09-21 01:03:48,793 INFO  [Log] *********************Selenium_Test Cases ********************* 
2022-09-21 01:03:54,041 INFO  [Log] *********************Selenium_Test Cases ********************* 
2022-09-21 01:08:02,979 INFO  [Log] *********************Selenium_Test Cases ********************* 
2022-09-21 01:08:03,122 INFO  [Log] *********************Selenium_Test Cases ********************* 
2022-09-21 01:08:03,147 INFO  [Log] *********************Selenium_Test Cases ********************* 
2022-09-21 01:08:03,176 INFO  [Log] *********************Selenium_Test Cases ********************* 
2022-09-21 01:08:03,202 INFO  [Log] *********************Selenium_Test Cases ********************* 
2022-09-21 01:08:05,786 INFO  [Log] *********************Selenium_Test Cases ********************* 
2022-09-21 01:08:11,065 INFO  [Log] *********************Selenium_Test Cases ********************* 
2022-09-21 01:08:12,376 INFO  [Log] *********************Selenium_Test Cases ********************* 
2022-09-21 01:08:17,156 INFO  [Log] *********************Selenium_Test Cases ********************* 
2022-09-21 01:08:18,595 INFO  [Log] *********************Selenium_Test Cases ********************* 
2022-09-21 01:08:24,258 INFO  [Log] *********************Selenium_Test Cases ********************* 
2022-09-21 01:08:24,258 INFO  [Log] Testing Login Page Test 
2022-09-21 01:08:24,314 INFO  [Log] Entered Username 
2022-09-21 01:08:24,385 INFO  [Log] Entered Password 
2022-09-21 01:08:24,467 INFO  [Log] Clicked Login 
2022-09-21 01:08:24,476 INFO  [Log] *********************Selenium_Test Cases ********************* 
2022-09-21 01:08:28,372 INFO  [Log] *********************Selenium_Test Cases ********************* 
2022-09-21 01:08:33,852 INFO  [Log] *********************Selenium_Test Cases ********************* 
2022-09-21 01:08:33,853 INFO  [Log] Testing Login Page Test 
2022-09-21 01:08:33,906 INFO  [Log] Entered Username 
2022-09-21 01:08:33,977 INFO  [Log] Entered Password 
2022-09-21 01:08:34,069 INFO  [Log] Clicked Login 
2022-09-21 01:08:34,076 INFO  [Log] *********************Selenium_Test Cases ********************* 
2022-09-21 01:08:34,083 INFO  [Log] *********************Selenium_Test Cases ********************* 
2022-09-21 01:08:41,203 INFO  [Log] *********************Selenium_Test Cases ********************* 
2022-09-21 01:08:46,492 INFO  [Log] *********************Selenium_Test Cases ********************* 
2022-09-21 01:08:46,493 INFO  [Log] Testing Login Page Test 
2022-09-21 01:08:46,542 INFO  [Log] Entered Username 
2022-09-21 01:08:46,613 INFO  [Log] Entered Password 
2022-09-21 01:08:46,689 INFO  [Log] Clicked Login 
2022-09-21 01:08:46,696 INFO  [Log] *********************Selenium_Test Cases ********************* 
2022-09-21 01:08:46,703 INFO  [Log] *********************Selenium_Test Cases ********************* 
2022-09-21 01:08:53,984 INFO  [Log] *********************Selenium_Test Cases ********************* 
2022-09-21 01:08:59,294 INFO  [Log] *********************Selenium_Test Cases ********************* 
2022-09-21 01:08:59,295 INFO  [Log] Testing Login Page Test 
2022-09-21 01:08:59,346 INFO  [Log] Entered Username 
2022-09-21 01:08:59,416 INFO  [Log] Entered Password 
2022-09-21 01:08:59,500 INFO  [Log] Clicked Login 
2022-09-21 01:08:59,506 INFO  [Log] *********************Selenium_Test Cases ********************* 
2022-09-21 01:08:59,512 INFO  [Log] *********************Selenium_Test Cases ********************* 
2022-09-21 01:09:06,874 INFO  [Log] *********************Selenium_Test Cases ********************* 
2022-09-21 01:09:12,343 INFO  [Log] *********************Selenium_Test Cases ********************* 
2022-09-21 01:09:12,344 INFO  [Log] Testing Login Page Test 
2022-09-21 01:09:12,395 INFO  [Log] Entered Username 
2022-09-21 01:09:12,472 INFO  [Log] Entered Password 
2022-09-21 01:09:12,575 INFO  [Log] Clicked Login 
2022-09-21 01:09:12,581 INFO  [Log] *********************Selenium_Test Cases ********************* 
2022-09-21 01:09:12,587 INFO  [Log] *********************Selenium_Test Cases ********************* 
2022-09-21 01:09:20,916 INFO  [Log] *********************Selenium_Test Cases ********************* 
2022-09-21 01:09:26,721 INFO  [Log] *********************Selenium_Test Cases ********************* 
2022-09-21 01:09:26,722 INFO  [Log] Testing Login Page Test 
2022-09-21 01:09:26,773 INFO  [Log] Entered Username 
2022-09-21 01:09:26,842 INFO  [Log] Entered Password 
2022-09-21 01:09:26,918 INFO  [Log] Clicked Login 
2022-09-21 01:09:26,923 INFO  [Log] *********************Selenium_Test Cases ********************* 
2022-09-21 01:09:26,930 INFO  [Log] *********************Selenium_Test Cases ********************* 
2022-09-21 01:12:24,346 INFO  [Log] *********************Selenium_Test Cases ********************* 
2022-09-21 01:12:26,729 INFO  [Log] *********************Selenium_Test Cases ********************* 
2022-09-21 01:12:31,949 INFO  [Log] *********************Selenium_Test Cases ********************* 
2022-09-21 01:12:33,355 INFO  [Log] *********************Selenium_Test Cases ********************* 
2022-09-21 01:12:38,693 INFO  [Log] *********************Selenium_Test Cases ********************* 
2022-09-21 01:14:29,210 INFO  [Log] *********************Selenium_Test Cases ********************* 
2022-09-21 01:14:31,400 INFO  [Log] *********************Selenium_Test Cases ********************* 
2022-09-21 01:14:36,750 INFO  [Log] *********************Selenium_Test Cases ********************* 
2022-09-21 01:14:37,983 INFO  [Log] *********************Selenium_Test Cases ********************* 
2022-09-21 01:14:43,040 INFO  [Log] *********************Selenium_Test Cases ********************* 
2022-09-21 01:16:40,211 INFO  [Log] *********************Selenium_Test Cases ********************* 
2022-09-21 01:17:47,182 INFO  [Log] *********************Selenium_Test Cases ********************* 
2022-09-21 01:18:55,341 INFO  [Log] *********************Selenium_Test Cases ********************* 
2022-09-21 01:21:51,559 INFO  [Log] *********************Selenium_Test Cases ********************* 
2022-09-21 01:25:15,574 INFO  [Log] *********************Selenium_Test Cases ********************* 
2022-09-21 01:25:17,071 INFO  [Log] *********************Selenium_Test Cases ********************* 
2022-09-21 01:25:22,259 INFO  [Log] *********************Selenium_Test Cases ********************* 
2022-09-21 01:25:24,564 INFO  [Log] *********************Selenium_Test Cases ********************* 
2022-09-21 01:25:30,151 INFO  [Log] *********************Selenium_Test Cases ********************* 
2022-09-21 01:26:51,798 INFO  [Log] *********************Selenium_Test Cases ********************* 
2022-09-21 01:26:53,280 INFO  [Log] *********************Selenium_Test Cases ********************* 
2022-09-21 01:26:58,647 INFO  [Log] *********************Selenium_Test Cases ********************* 
2022-09-21 01:27:26,206 INFO  [Log] *********************Selenium_Test Cases ********************* 
2022-09-21 01:27:28,634 INFO  [Log] *********************Selenium_Test Cases ********************* 
2022-09-21 01:27:34,161 INFO  [Log] *********************Selenium_Test Cases ********************* 
2022-09-21 01:29:19,996 INFO  [Log] *********************Selenium_Test Cases ********************* 
2022-09-21 01:29:21,502 INFO  [Log] *********************Selenium_Test Cases ********************* 
2022-09-21 01:29:26,729 INFO  [Log] *********************Selenium_Test Cases ********************* 
2022-09-21 01:35:23,180 INFO  [Log] *********************Selenium_Test Cases ********************* 
2022-09-21 01:35:24,625 INFO  [Log] *********************Selenium_Test Cases ********************* 
2022-09-21 01:35:30,988 INFO  [Log] *********************Selenium_Test Cases ********************* 
2022-09-21 01:37:33,056 INFO  [Log] *********************Selenium_Test Cases ********************* 
2022-09-21 01:37:34,458 INFO  [Log] *********************Selenium_Test Cases ********************* 
2022-09-21 01:37:39,219 INFO  [Log] *********************Selenium_Test Cases ********************* 
2022-09-21 01:37:59,547 INFO  [Log] *********************Selenium_Test Cases ********************* 
2022-09-21 01:38:01,852 INFO  [Log] *********************Selenium_Test Cases ********************* 
2022-09-21 01:38:08,165 INFO  [Log] *********************Selenium_Test Cases ********************* 
2022-09-21 01:40:40,064 INFO  [Log] *********************Selenium_Test Cases ********************* 
2022-09-21 01:40:41,629 INFO  [Log] *********************Selenium_Test Cases ********************* 
2022-09-21 01:40:46,832 INFO  [Log] *********************Selenium_Test Cases ********************* 
2022-09-21 01:44:38,081 INFO  [Log] *********************Selenium_Test Cases ********************* 
2022-09-21 01:44:39,588 INFO  [Log] *********************Selenium_Test Cases ********************* 
2022-09-21 01:44:43,246 INFO  [Log] *********************Selenium_Test Cases ********************* 
2022-09-21 01:45:47,433 INFO  [Log] *********************Selenium_Test Cases ********************* 
2022-09-21 01:45:48,945 INFO  [Log] *********************Selenium_Test Cases ********************* 
2022-09-21 01:45:54,230 INFO  [Log] *********************Selenium_Test Cases ********************* 
2022-09-21 01:46:13,597 INFO  [Log] *********************Selenium_Test Cases ********************* 
2022-09-21 01:47:56,699 INFO  [Log] *********************Selenium_Test Cases ********************* 
2022-09-21 01:47:56,777 INFO  [Log] *********************Selenium_Test Cases ********************* 
2022-09-21 01:47:56,793 INFO  [Log] *********************Selenium_Test Cases ********************* 
2022-09-21 01:47:56,806 INFO  [Log] *********************Selenium_Test Cases ********************* 
2022-09-21 01:47:56,815 INFO  [Log] *********************Selenium_Test Cases ********************* 
2022-09-21 01:47:58,136 INFO  [Log] *********************Selenium_Test Cases ********************* 
2022-09-21 01:48:03,652 INFO  [Log] *********************Selenium_Test Cases ********************* 
2022-09-21 01:48:03,895 INFO  [Log] *********************Selenium_Test Cases ********************* 
2022-09-21 01:48:07,607 INFO  [Log] *********************Selenium_Test Cases ********************* 
2022-09-21 01:48:12,748 INFO  [Log] *********************Selenium_Test Cases ********************* 
2022-09-21 01:48:13,702 INFO  [Log] *********************Selenium_Test Cases ********************* 
2022-09-21 01:48:18,515 INFO  [Log] *********************Selenium_Test Cases ********************* 
2022-09-21 01:48:19,851 INFO  [Log] *********************Selenium_Test Cases ********************* 
2022-09-21 01:48:25,028 INFO  [Log] *********************Selenium_Test Cases ********************* 
2022-09-21 01:48:25,239 INFO  [Log] *********************Selenium_Test Cases ********************* 
2022-09-21 01:48:25,247 INFO  [Log] *********************Selenium_Test Cases ********************* 
2022-09-21 01:48:31,985 INFO  [Log] *********************Selenium_Test Cases ********************* 
2022-09-21 01:48:38,874 INFO  [Log] *********************Selenium_Test Cases ********************* 
2022-09-21 01:48:39,084 INFO  [Log] *********************Selenium_Test Cases ********************* 
2022-09-21 01:48:39,089 INFO  [Log] *********************Selenium_Test Cases ********************* 
2022-09-21 01:48:46,031 INFO  [Log] *********************Selenium_Test Cases ********************* 
2022-09-21 01:48:50,621 INFO  [Log] *********************Selenium_Test Cases ********************* 
2022-09-21 01:48:50,830 INFO  [Log] *********************Selenium_Test Cases ********************* 
2022-09-21 01:48:50,836 INFO  [Log] *********************Selenium_Test Cases ********************* 
2022-09-21 01:48:57,901 INFO  [Log] *********************Selenium_Test Cases ********************* 
2022-09-21 01:49:03,208 INFO  [Log] *********************Selenium_Test Cases ********************* 
2022-09-21 01:49:03,411 INFO  [Log] *********************Selenium_Test Cases ********************* 
2022-09-21 01:49:03,419 INFO  [Log] *********************Selenium_Test Cases ********************* 
2022-09-21 01:49:12,590 INFO  [Log] *********************Selenium_Test Cases ********************* 
2022-09-21 01:49:17,767 INFO  [Log] *********************Selenium_Test Cases ********************* 
2022-09-21 01:49:17,973 INFO  [Log] *********************Selenium_Test Cases ********************* 
2022-09-21 01:49:17,981 INFO  [Log] *********************Selenium_Test Cases ********************* 
2022-09-21 11:53:56,380 INFO  [Log] *********************Selenium_Test Cases ********************* 
2022-09-21 11:53:56,464 INFO  [Log] *********************Selenium_Test Cases ********************* 
2022-09-21 11:53:56,477 INFO  [Log] *********************Selenium_Test Cases ********************* 
2022-09-21 11:53:56,490 INFO  [Log] *********************Selenium_Test Cases ********************* 
2022-09-21 11:53:56,500 INFO  [Log] *********************Selenium_Test Cases ********************* 
2022-09-21 11:53:59,426 INFO  [Log] *********************Selenium_Test Cases ********************* 
2022-09-21 11:54:05,033 INFO  [Log] *********************Selenium_Test Cases ********************* 
2022-09-21 11:54:05,610 INFO  [Log] *********************Selenium_Test Cases ********************* 
2022-09-21 11:54:10,442 INFO  [Log] *********************Selenium_Test Cases ********************* 
2022-09-21 11:54:15,792 INFO  [Log] *********************Selenium_Test Cases ********************* 
2022-09-21 11:54:16,961 INFO  [Log] *********************Selenium_Test Cases ********************* 
2022-09-21 11:54:22,381 INFO  [Log] *********************Selenium_Test Cases ********************* 
2022-09-21 11:54:24,133 INFO  [Log] *********************Selenium_Test Cases ********************* 
2022-09-21 11:54:29,712 INFO  [Log] *********************Selenium_Test Cases ********************* 
2022-09-21 11:54:30,063 INFO  [Log] *********************Selenium_Test Cases ********************* 
2022-09-21 11:54:30,076 INFO  [Log] *********************Selenium_Test Cases ********************* 
2022-09-21 11:54:38,438 INFO  [Log] *********************Selenium_Test Cases ********************* 
2022-09-21 11:54:47,609 INFO  [Log] *********************Selenium_Test Cases ********************* 
2022-09-21 11:54:47,809 INFO  [Log] *********************Selenium_Test Cases ********************* 
2022-09-21 11:54:47,817 INFO  [Log] *********************Selenium_Test Cases ********************* 
2022-09-21 11:54:55,744 INFO  [Log] *********************Selenium_Test Cases ********************* 
2022-09-21 11:55:00,971 INFO  [Log] *********************Selenium_Test Cases ********************* 
2022-09-21 11:55:01,157 INFO  [Log] *********************Selenium_Test Cases ********************* 
2022-09-21 11:55:01,163 INFO  [Log] *********************Selenium_Test Cases ********************* 
2022-09-21 11:55:08,537 INFO  [Log] *********************Selenium_Test Cases ********************* 
2022-09-21 11:55:14,587 INFO  [Log] *********************Selenium_Test Cases ********************* 
2022-09-21 11:55:14,798 INFO  [Log] *********************Selenium_Test Cases ********************* 
2022-09-21 11:55:14,808 INFO  [Log] *********************Selenium_Test Cases ********************* 
2022-09-21 11:55:23,326 INFO  [Log] *********************Selenium_Test Cases ********************* 
2022-09-21 11:55:28,641 INFO  [Log] *********************Selenium_Test Cases ********************* 
2022-09-21 11:55:28,837 INFO  [Log] *********************Selenium_Test Cases ********************* 
2022-09-21 11:55:28,845 INFO  [Log] *********************Selenium_Test Cases ********************* 
2022-09-21 11:58:16,002 INFO  [Log] *********************Selenium_Test Cases ********************* 
2022-09-21 11:58:16,084 INFO  [Log] *********************Selenium_Test Cases ********************* 
2022-09-21 11:58:16,098 INFO  [Log] *********************Selenium_Test Cases ********************* 
2022-09-21 11:58:16,112 INFO  [Log] *********************Selenium_Test Cases ********************* 
2022-09-21 11:58:16,122 INFO  [Log] *********************Selenium_Test Cases ********************* 
2022-09-21 11:58:17,451 INFO  [Log] *********************Selenium_Test Cases ********************* 
2022-09-21 11:58:22,844 INFO  [Log] *********************Selenium_Test Cases ********************* 
2022-09-21 11:58:23,095 INFO  [Log] *********************Selenium_Test Cases ********************* 
2022-09-21 11:58:26,689 INFO  [Log] *********************Selenium_Test Cases ********************* 
2022-09-21 11:58:31,955 INFO  [Log] *********************Selenium_Test Cases ********************* 
2022-09-21 11:58:32,954 INFO  [Log] *********************Selenium_Test Cases ********************* 
2022-09-21 11:58:39,076 INFO  [Log] *********************Selenium_Test Cases ********************* 
2022-09-21 11:58:40,325 INFO  [Log] *********************Selenium_Test Cases ********************* 
2022-09-21 11:58:45,545 INFO  [Log] *********************Selenium_Test Cases ********************* 
2022-09-21 11:58:45,742 INFO  [Log] *********************Selenium_Test Cases ********************* 
2022-09-21 11:58:45,750 INFO  [Log] *********************Selenium_Test Cases ********************* 
2022-09-21 11:58:53,417 INFO  [Log] *********************Selenium_Test Cases ********************* 
2022-09-21 11:58:58,588 INFO  [Log] *********************Selenium_Test Cases ********************* 
2022-09-21 11:58:59,016 INFO  [Log] *********************Selenium_Test Cases ********************* 
2022-09-21 11:58:59,027 INFO  [Log] *********************Selenium_Test Cases ********************* 
2022-09-21 11:59:07,084 INFO  [Log] *********************Selenium_Test Cases ********************* 
2022-09-21 11:59:13,349 INFO  [Log] *********************Selenium_Test Cases ********************* 
2022-09-21 11:59:13,583 INFO  [Log] *********************Selenium_Test Cases ********************* 
2022-09-21 11:59:13,590 INFO  [Log] *********************Selenium_Test Cases ********************* 
2022-09-21 11:59:21,688 INFO  [Log] *********************Selenium_Test Cases ********************* 
2022-09-21 11:59:27,272 INFO  [Log] *********************Selenium_Test Cases ********************* 
2022-09-21 11:59:27,604 INFO  [Log] *********************Selenium_Test Cases ********************* 
2022-09-21 11:59:27,615 INFO  [Log] *********************Selenium_Test Cases ********************* 
2022-09-21 11:59:36,802 INFO  [Log] *********************Selenium_Test Cases ********************* 
2022-09-21 11:59:42,364 INFO  [Log] *********************Selenium_Test Cases ********************* 
2022-09-21 11:59:42,623 INFO  [Log] *********************Selenium_Test Cases ********************* 
2022-09-21 11:59:42,634 INFO  [Log] *********************Selenium_Test Cases ********************* 
2022-09-21 12:00:51,963 INFO  [Log] *********************Selenium_Test Cases ********************* 
2022-09-21 12:00:52,138 INFO  [Log] *********************Selenium_Test Cases ********************* 
2022-09-21 12:00:54,989 INFO  [Log] *********************Selenium_Test Cases ********************* 
2022-09-21 12:01:00,638 INFO  [Log] *********************Selenium_Test Cases ********************* 
2022-09-21 12:01:00,987 INFO  [Log] *********************Selenium_Test Cases ********************* 
2022-09-21 12:01:05,745 INFO  [Log] *********************Selenium_Test Cases ********************* 
2022-09-21 12:01:11,281 INFO  [Log] *********************Selenium_Test Cases ********************* 
2022-09-21 12:01:13,069 INFO  [Log] *********************Selenium_Test Cases ********************* 
2022-09-21 12:01:19,614 INFO  [Log] *********************Selenium_Test Cases ********************* 
2022-09-21 12:01:23,067 INFO  [Log] *********************Selenium_Test Cases ********************* 
2022-09-21 12:01:29,337 INFO  [Log] *********************Selenium_Test Cases ********************* 
2022-09-21 12:04:12,585 INFO  [Log] *********************Selenium_Test Cases ********************* 
2022-09-21 12:04:12,669 INFO  [Log] *********************Selenium_Test Cases ********************* 
2022-09-21 12:04:14,035 INFO  [Log] *********************Selenium_Test Cases ********************* 
2022-09-21 12:04:19,725 INFO  [Log] *********************Selenium_Test Cases ********************* 
2022-09-21 12:04:19,989 INFO  [Log] *********************Selenium_Test Cases ********************* 
2022-09-21 12:04:23,775 INFO  [Log] *********************Selenium_Test Cases ********************* 
2022-09-21 12:04:29,014 INFO  [Log] *********************Selenium_Test Cases ********************* 
2022-09-21 12:04:29,021 INFO  [Log] *********************Selenium_Test Cases ********************* 
2022-09-21 12:04:30,017 INFO  [Log] *********************Selenium_Test Cases ********************* 
2022-09-21 12:04:35,326 INFO  [Log] *********************Selenium_Test Cases ********************* 
2022-09-21 12:04:35,334 INFO  [Log] *********************Selenium_Test Cases ********************* 
2022-09-21 12:05:02,139 INFO  [Log] *********************Selenium_Test Cases ********************* 
2022-09-21 12:05:02,219 INFO  [Log] *********************Selenium_Test Cases ********************* 
2022-09-21 12:05:03,688 INFO  [Log] *********************Selenium_Test Cases ********************* 
2022-09-21 12:05:09,455 INFO  [Log] *********************Selenium_Test Cases ********************* 
2022-09-21 12:05:09,706 INFO  [Log] *********************Selenium_Test Cases ********************* 
2022-09-21 12:05:13,966 INFO  [Log] *********************Selenium_Test Cases ********************* 
2022-09-21 12:05:19,124 INFO  [Log] *********************Selenium_Test Cases ********************* 
2022-09-21 12:05:19,131 INFO  [Log] *********************Selenium_Test Cases ********************* 
2022-09-21 12:05:20,084 INFO  [Log] *********************Selenium_Test Cases ********************* 
2022-09-21 12:05:25,491 INFO  [Log] *********************Selenium_Test Cases ********************* 
2022-09-21 12:05:25,498 INFO  [Log] *********************Selenium_Test Cases ********************* 
2022-09-21 12:05:29,728 INFO  [Log] *********************Selenium_Test Cases ********************* 
2022-09-21 12:05:35,672 INFO  [Log] *********************Selenium_Test Cases ********************* 
2022-09-21 12:05:35,680 INFO  [Log] *********************Selenium_Test Cases ********************* 
2022-09-21 12:13:45,296 INFO  [Log] *********************Selenium_Test Cases ********************* 
2022-09-21 12:13:45,441 INFO  [Log] *********************Selenium_Test Cases ********************* 
2022-09-21 12:13:45,465 INFO  [Log] *********************Selenium_Test Cases ********************* 
2022-09-21 12:13:45,492 INFO  [Log] *********************Selenium_Test Cases ********************* 
2022-09-21 12:13:45,516 INFO  [Log] *********************Selenium_Test Cases ********************* 
2022-09-21 12:13:49,162 INFO  [Log] *********************Selenium_Test Cases ********************* 
2022-09-21 12:13:55,431 INFO  [Log] *********************Selenium_Test Cases ********************* 
2022-09-21 12:13:56,404 INFO  [Log] *********************Selenium_Test Cases ********************* 
2022-09-21 12:14:02,001 INFO  [Log] *********************Selenium_Test Cases ********************* 
2022-09-21 12:14:07,861 INFO  [Log] *********************Selenium_Test Cases ********************* 
2022-09-21 12:14:07,866 INFO  [Log] *********************Selenium_Test Cases ********************* 
2022-09-21 12:14:09,254 INFO  [Log] *********************Selenium_Test Cases ********************* 
2022-09-21 12:14:15,582 INFO  [Log] *********************Selenium_Test Cases ********************* 
2022-09-21 12:14:15,597 INFO  [Log] *********************Selenium_Test Cases ********************* 
2022-09-21 12:14:21,859 INFO  [Log] *********************Selenium_Test Cases ********************* 
2022-09-21 12:14:27,716 INFO  [Log] *********************Selenium_Test Cases ********************* 
2022-09-21 12:14:27,721 INFO  [Log] *********************Selenium_Test Cases ********************* 
2022-09-21 12:14:30,031 INFO  [Log] *********************Selenium_Test Cases ********************* 
2022-09-21 12:14:36,297 INFO  [Log] *********************Selenium_Test Cases ********************* 
2022-09-21 12:14:36,641 INFO  [Log] *********************Selenium_Test Cases ********************* 
2022-09-21 12:14:36,657 INFO  [Log] *********************Selenium_Test Cases ********************* 
2022-09-21 12:14:44,597 INFO  [Log] *********************Selenium_Test Cases ********************* 
2022-09-21 12:14:49,893 INFO  [Log] *********************Selenium_Test Cases ********************* 
2022-09-21 12:14:50,102 INFO  [Log] *********************Selenium_Test Cases ********************* 
2022-09-21 12:14:50,109 INFO  [Log] *********************Selenium_Test Cases ********************* 
2022-09-21 12:15:36,325 INFO  [Log] *********************Selenium_Test Cases ********************* 
2022-09-21 12:15:41,807 INFO  [Log] *********************Selenium_Test Cases ********************* 
2022-09-21 12:15:42,060 INFO  [Log] *********************Selenium_Test Cases ********************* 
2022-09-21 12:15:42,068 INFO  [Log] *********************Selenium_Test Cases ********************* 
2022-09-21 12:15:49,433 INFO  [Log] *********************Selenium_Test Cases ********************* 
2022-09-21 12:15:55,096 INFO  [Log] *********************Selenium_Test Cases ********************* 
2022-09-21 12:15:55,427 INFO  [Log] *********************Selenium_Test Cases ********************* 
2022-09-21 12:15:55,442 INFO  [Log] *********************Selenium_Test Cases ********************* 
2022-09-21 12:16:04,110 INFO  [Log] *********************Selenium_Test Cases ********************* 
2022-09-21 12:16:09,350 INFO  [Log] *********************Selenium_Test Cases ********************* 
2022-09-21 12:16:09,580 INFO  [Log] *********************Selenium_Test Cases ********************* 
2022-09-21 12:16:09,589 INFO  [Log] *********************Selenium_Test Cases ********************* 
2022-09-21 12:16:27,243 INFO  [Log] *********************Selenium_Test Cases ********************* 
2022-09-21 12:16:27,394 INFO  [Log] *********************Selenium_Test Cases ********************* 
2022-09-21 12:16:30,605 INFO  [Log] *********************Selenium_Test Cases ********************* 
2022-09-21 12:16:35,641 INFO  [Log] *********************Selenium_Test Cases ********************* 
2022-09-21 12:16:35,907 INFO  [Log] *********************Selenium_Test Cases ********************* 
2022-09-21 12:16:35,915 INFO  [Log] *********************Selenium_Test Cases ********************* 
2022-09-21 12:17:21,708 INFO  [Log] *********************Selenium_Test Cases ********************* 
2022-09-21 12:17:27,351 INFO  [Log] *********************Selenium_Test Cases ********************* 
2022-09-21 12:17:27,572 INFO  [Log] *********************Selenium_Test Cases ********************* 
2022-09-21 12:17:27,581 INFO  [Log] *********************Selenium_Test Cases ********************* 
2022-09-21 12:17:48,141 INFO  [Log] *********************Selenium_Test Cases ********************* 
2022-09-21 12:17:53,074 INFO  [Log] *********************Selenium_Test Cases ********************* 
2022-09-21 12:17:53,302 INFO  [Log] *********************Selenium_Test Cases ********************* 
2022-09-21 12:17:53,311 INFO  [Log] *********************Selenium_Test Cases ********************* 
2022-09-21 12:18:00,605 INFO  [Log] *********************Selenium_Test Cases ********************* 
2022-09-21 12:18:05,699 INFO  [Log] *********************Selenium_Test Cases ********************* 
2022-09-21 12:18:05,929 INFO  [Log] *********************Selenium_Test Cases ********************* 
2022-09-21 12:18:05,936 INFO  [Log] *********************Selenium_Test Cases ********************* 
2022-09-21 12:19:04,027 INFO  [Log] *********************Selenium_Test Cases ********************* 
2022-09-21 12:19:04,050 INFO  [Log] *********************Selenium_Test Cases ********************* 
2022-09-21 12:19:04,061 INFO  [Log] *********************Selenium_Test Cases ********************* 
2022-09-21 12:19:04,071 INFO  [Log] *********************Selenium_Test Cases ********************* 
2022-09-21 12:19:04,078 INFO  [Log] *********************Selenium_Test Cases ********************* 
2022-09-21 12:19:05,649 INFO  [Log] *********************Selenium_Test Cases ********************* 
2022-09-21 12:19:10,686 INFO  [Log] *********************Selenium_Test Cases ********************* 
2022-09-21 12:19:10,935 INFO  [Log] *********************Selenium_Test Cases ********************* 
2022-09-21 12:19:10,946 INFO  [Log] *********************Selenium_Test Cases ********************* 
2022-09-21 12:19:57,692 INFO  [Log] *********************Selenium_Test Cases ********************* 
2022-09-21 12:19:57,738 INFO  [Log] *********************Selenium_Test Cases ********************* 
2022-09-21 12:19:57,752 INFO  [Log] *********************Selenium_Test Cases ********************* 
2022-09-21 12:19:57,765 INFO  [Log] *********************Selenium_Test Cases ********************* 
2022-09-21 12:19:57,779 INFO  [Log] *********************Selenium_Test Cases ********************* 
2022-09-21 12:20:00,087 INFO  [Log] *********************Selenium_Test Cases ********************* 
2022-09-21 12:20:05,154 INFO  [Log] *********************Selenium_Test Cases ********************* 
2022-09-21 12:20:05,434 INFO  [Log] *********************Selenium_Test Cases ********************* 
2022-09-21 12:20:05,447 INFO  [Log] *********************Selenium_Test Cases ********************* 
2022-09-21 12:20:51,459 INFO  [Log] *********************Selenium_Test Cases ********************* 
2022-09-21 12:20:56,754 INFO  [Log] *********************Selenium_Test Cases ********************* 
2022-09-21 12:20:56,974 INFO  [Log] *********************Selenium_Test Cases ********************* 
2022-09-21 12:20:56,982 INFO  [Log] *********************Selenium_Test Cases ********************* 
2022-09-21 12:22:07,086 INFO  [Log] *********************Selenium_Test Cases ********************* 
2022-09-21 12:22:07,167 INFO  [Log] *********************Selenium_Test Cases ********************* 
2022-09-21 12:22:07,189 INFO  [Log] *********************Selenium_Test Cases ********************* 
2022-09-21 12:22:07,214 INFO  [Log] *********************Selenium_Test Cases ********************* 
2022-09-21 12:22:07,228 INFO  [Log] *********************Selenium_Test Cases ********************* 
2022-09-21 12:22:09,710 INFO  [Log] *********************Selenium_Test Cases ********************* 
2022-09-21 12:22:15,943 INFO  [Log] *********************Selenium_Test Cases ********************* 
2022-09-21 12:22:16,217 INFO  [Log] *********************Selenium_Test Cases ********************* 
2022-09-21 12:22:16,228 INFO  [Log] *********************Selenium_Test Cases ********************* 
2022-09-21 12:22:23,007 INFO  [Log] *********************Selenium_Test Cases ********************* 
2022-09-21 12:22:30,205 INFO  [Log] *********************Selenium_Test Cases ********************* 
2022-09-21 12:22:30,435 INFO  [Log] *********************Selenium_Test Cases ********************* 
2022-09-21 12:22:30,442 INFO  [Log] *********************Selenium_Test Cases ********************* 
2022-09-21 12:22:38,394 INFO  [Log] *********************Selenium_Test Cases ********************* 
2022-09-21 12:22:45,685 INFO  [Log] *********************Selenium_Test Cases ********************* 
2022-09-21 12:22:45,884 INFO  [Log] *********************Selenium_Test Cases ********************* 
2022-09-21 12:22:45,891 INFO  [Log] *********************Selenium_Test Cases ********************* 
2022-09-21 12:22:54,328 INFO  [Log] *********************Selenium_Test Cases ********************* 
2022-09-21 12:23:00,341 INFO  [Log] *********************Selenium_Test Cases ********************* 
2022-09-21 12:23:00,598 INFO  [Log] *********************Selenium_Test Cases ********************* 
2022-09-21 12:23:00,608 INFO  [Log] *********************Selenium_Test Cases ********************* 
2022-09-21 12:23:10,538 INFO  [Log] *********************Selenium_Test Cases ********************* 
2022-09-21 12:23:16,154 INFO  [Log] *********************Selenium_Test Cases ********************* 
2022-09-21 12:23:16,382 INFO  [Log] *********************Selenium_Test Cases ********************* 
2022-09-21 12:23:16,393 INFO  [Log] *********************Selenium_Test Cases ********************* 
2022-09-21 12:23:25,306 INFO  [Log] *********************Selenium_Test Cases ********************* 
2022-09-21 12:23:30,583 INFO  [Log] *********************Selenium_Test Cases ********************* 
2022-09-21 12:23:30,780 INFO  [Log] *********************Selenium_Test Cases ********************* 
2022-09-21 12:26:15,015 INFO  [Log] *********************Selenium_Test Cases ********************* 
2022-09-21 12:26:15,079 INFO  [Log] *********************Selenium_Test Cases ********************* 
2022-09-21 12:26:15,102 INFO  [Log] *********************Selenium_Test Cases ********************* 
2022-09-21 12:26:15,126 INFO  [Log] *********************Selenium_Test Cases ********************* 
2022-09-21 12:26:15,142 INFO  [Log] *********************Selenium_Test Cases ********************* 
2022-09-21 12:26:17,644 INFO  [Log] *********************Selenium_Test Cases ********************* 
2022-09-21 12:26:23,014 INFO  [Log] *********************Selenium_Test Cases ********************* 
2022-09-21 12:26:23,267 INFO  [Log] *********************Selenium_Test Cases ********************* 
2022-09-21 12:26:23,280 INFO  [Log] *********************Selenium_Test Cases ********************* 
2022-09-21 12:26:29,974 INFO  [Log] *********************Selenium_Test Cases ********************* 
2022-09-21 12:26:35,028 INFO  [Log] *********************Selenium_Test Cases ********************* 
2022-09-21 12:26:35,247 INFO  [Log] *********************Selenium_Test Cases ********************* 
2022-09-21 12:26:35,255 INFO  [Log] *********************Selenium_Test Cases ********************* 
2022-09-21 12:26:42,304 INFO  [Log] *********************Selenium_Test Cases ********************* 
2022-09-21 12:26:47,678 INFO  [Log] *********************Selenium_Test Cases ********************* 
2022-09-21 12:26:47,888 INFO  [Log] *********************Selenium_Test Cases ********************* 
2022-09-21 12:26:47,897 INFO  [Log] *********************Selenium_Test Cases ********************* 
2022-09-21 12:26:55,107 INFO  [Log] *********************Selenium_Test Cases ********************* 
2022-09-21 12:27:00,519 INFO  [Log] *********************Selenium_Test Cases ********************* 
2022-09-21 12:27:00,732 INFO  [Log] *********************Selenium_Test Cases ********************* 
2022-09-21 12:27:00,740 INFO  [Log] *********************Selenium_Test Cases ********************* 
2022-09-21 12:27:09,394 INFO  [Log] *********************Selenium_Test Cases ********************* 
2022-09-21 12:27:14,755 INFO  [Log] *********************Selenium_Test Cases ********************* 
2022-09-21 12:27:14,968 INFO  [Log] *********************Selenium_Test Cases ********************* 
2022-09-21 12:27:14,976 INFO  [Log] *********************Selenium_Test Cases ********************* 
2022-09-21 12:27:23,091 INFO  [Log] *********************Selenium_Test Cases ********************* 
2022-09-21 12:27:28,931 INFO  [Log] *********************Selenium_Test Cases ********************* 
2022-09-21 12:27:28,934 INFO  [Log] *********************Selenium_Test Cases ********************* 
2022-09-21 12:27:29,863 INFO  [Log] *********************Selenium_Test Cases ********************* 
2022-09-21 12:27:34,707 INFO  [Log] *********************Selenium_Test Cases ********************* 
2022-09-21 12:27:34,911 INFO  [Log] *********************Selenium_Test Cases ********************* 
2022-09-21 12:27:38,634 INFO  [Log] *********************Selenium_Test Cases ********************* 
2022-09-21 12:27:43,867 INFO  [Log] *********************Selenium_Test Cases ********************* 
2022-09-21 12:27:43,871 INFO  [Log] *********************Selenium_Test Cases ********************* 
2022-09-21 12:27:47,924 INFO  [Log] *********************Selenium_Test Cases ********************* 
2022-09-21 12:27:52,832 INFO  [Log] *********************Selenium_Test Cases ********************* 
2022-09-21 12:27:52,839 INFO  [Log] *********************Selenium_Test Cases ********************* 
2022-09-21 12:30:44,318 INFO  [Log] *********************Selenium_Test Cases ********************* 
2022-09-21 12:30:44,351 INFO  [Log] *********************Selenium_Test Cases ********************* 
2022-09-21 12:30:44,359 INFO  [Log] *********************Selenium_Test Cases ********************* 
2022-09-21 12:30:44,367 INFO  [Log] *********************Selenium_Test Cases ********************* 
2022-09-21 12:30:44,374 INFO  [Log] *********************Selenium_Test Cases ********************* 
2022-09-21 12:30:45,744 INFO  [Log] *********************Selenium_Test Cases ********************* 
2022-09-21 12:30:50,877 INFO  [Log] *********************Selenium_Test Cases ********************* 
2022-09-21 12:30:51,137 INFO  [Log] *********************Selenium_Test Cases ********************* 
2022-09-21 12:30:51,148 INFO  [Log] *********************Selenium_Test Cases ********************* 
2022-09-21 12:30:57,733 INFO  [Log] *********************Selenium_Test Cases ********************* 
2022-09-21 12:31:03,232 INFO  [Log] *********************Selenium_Test Cases ********************* 
2022-09-21 12:31:03,456 INFO  [Log] *********************Selenium_Test Cases ********************* 
2022-09-21 12:31:03,465 INFO  [Log] *********************Selenium_Test Cases ********************* 
2022-09-21 12:31:10,516 INFO  [Log] *********************Selenium_Test Cases ********************* 
2022-09-21 12:31:15,655 INFO  [Log] *********************Selenium_Test Cases ********************* 
2022-09-21 12:31:15,865 INFO  [Log] *********************Selenium_Test Cases ********************* 
2022-09-21 12:31:15,874 INFO  [Log] *********************Selenium_Test Cases ********************* 
2022-09-21 12:31:23,218 INFO  [Log] *********************Selenium_Test Cases ********************* 
2022-09-21 12:31:29,216 INFO  [Log] *********************Selenium_Test Cases ********************* 
2022-09-21 12:31:29,426 INFO  [Log] *********************Selenium_Test Cases ********************* 
2022-09-21 12:31:29,437 INFO  [Log] *********************Selenium_Test Cases ********************* 
2022-09-21 12:31:37,227 INFO  [Log] *********************Selenium_Test Cases ********************* 
2022-09-21 12:31:41,996 INFO  [Log] *********************Selenium_Test Cases ********************* 
2022-09-21 12:31:42,187 INFO  [Log] *********************Selenium_Test Cases ********************* 
2022-09-21 12:31:42,193 INFO  [Log] *********************Selenium_Test Cases ********************* 
2022-09-21 12:31:51,395 INFO  [Log] *********************Selenium_Test Cases ********************* 
2022-09-21 12:31:56,115 INFO  [Log] *********************Selenium_Test Cases ********************* 
2022-09-21 12:31:56,119 INFO  [Log] *********************Selenium_Test Cases ********************* 
2022-09-21 12:31:57,038 INFO  [Log] *********************Selenium_Test Cases ********************* 
2022-09-21 12:32:02,283 INFO  [Log] *********************Selenium_Test Cases ********************* 
2022-09-21 12:32:02,494 INFO  [Log] *********************Selenium_Test Cases ********************* 
2022-09-21 12:32:06,347 INFO  [Log] *********************Selenium_Test Cases ********************* 
2022-09-21 12:32:11,232 INFO  [Log] *********************Selenium_Test Cases ********************* 
2022-09-21 12:32:11,238 INFO  [Log] *********************Selenium_Test Cases ********************* 
2022-09-21 12:32:15,377 INFO  [Log] *********************Selenium_Test Cases ********************* 
2022-09-21 12:32:20,558 INFO  [Log] *********************Selenium_Test Cases ********************* 
2022-09-21 12:32:20,563 INFO  [Log] *********************Selenium_Test Cases ********************* 
